<?xml version="1.0" encoding="UTF-8"?>
<!-- Generated by org.testng.reporters.JUnitReportReporter -->
<testsuite hostname="Lenovo-PC" name="com.parallel.TestParallelClassOne" tests="2" failures="0" timestamp="4 Jan 2018 14:30:08 GMT" time="0.017" errors="0">
  <testcase name="testCaseOne" time="0.014" classname="com.parallel.TestParallelClassOne"/>
  <testcase name="testCaseTwo" time="0.003" classname="com.parallel.TestParallelClassOne"/>
</testsuite> <!-- com.parallel.TestParallelClassOne -->
