<?xml version="1.0" encoding="UTF-8"?>
<!-- Generated by org.testng.reporters.JUnitReportReporter -->
<testsuite hostname="Lenovo-PC" name="com.test.sample.DataProviderExample" tests="3" failures="0" timestamp="5 Jan 2018 07:33:31 GMT" time="0.043" errors="0">
  <testcase name="setData" time="0.001" classname="com.test.sample.DataProviderExample"/>
  <testcase name="setData" time="0.040" classname="com.test.sample.DataProviderExample"/>
  <testcase name="setData" time="0.002" classname="com.test.sample.DataProviderExample"/>
</testsuite> <!-- com.test.sample.DataProviderExample -->
