<?xml version="1.0" encoding="UTF-8"?>
<!-- Generated by org.testng.reporters.JUnitReportReporter -->
<testsuite hostname="Lenovo-PC" name="Sample.test.myclassTestNG" tests="1" failures="0" timestamp="12 Jan 2018 05:53:45 GMT" time="26.355" errors="0">
  <testcase name="verifyLoginPageTest" time="26.355" classname="Sample.test.myclassTestNG"/>
</testsuite> <!-- Sample.test.myclassTestNG -->
