<?xml version="1.0" encoding="UTF-8"?>
<!-- Generated by org.testng.reporters.JUnitReportReporter -->
<testsuite hostname="Lenovo-PC" name="com.parallel.TestParallelClassTwo" tests="2" failures="0" timestamp="4 Jan 2018 14:30:08 GMT" time="0.016" errors="0">
  <testcase name="testCaseOne" time="0.014" classname="com.parallel.TestParallelClassTwo"/>
  <testcase name="testCaseTwo" time="0.002" classname="com.parallel.TestParallelClassTwo"/>
</testsuite> <!-- com.parallel.TestParallelClassTwo -->
