<?xml version="1.0" encoding="UTF-8"?>
<!-- Generated by org.testng.reporters.JUnitReportReporter -->
<testsuite hostname="Lenovo-PC" name="Sample.test.VerifySeleniumSynchronization" tests="1" failures="0" timestamp="4 Jan 2018 05:33:42 GMT" time="46.064" errors="0">
  <testcase name="verifyLoginPageTest" time="46.064" classname="Sample.test.VerifySeleniumSynchronization"/>
</testsuite> <!-- Sample.test.VerifySeleniumSynchronization -->
